<?xml version="1.0" encoding="UTF-8" ?>
<testsuite tests="3" failures="0" name="com.ravi.cal.RaviCalculator.CalculatorTest" time="0.012" errors="0" skipped="0">
  <properties>
[...]
</properties>
  <testcase classname="com.ravi.cal.RaviCalculator.CalculatorTest" name="twoAndThreeIsFive" time="0.012"/>
  <testcase classname="com.ravi.cal.RaviCalculator.CalculatorTest" name="threeXThreeIsNine" time="0"/>
  <testcase classname="com.ravi.cal.RaviCalculator.CalculatorTest" name="threeMinusTwoIsOne" time="0"/>
</testsuite>